<?xml version="1.0" encoding="UTF-8"?>
<!-- Generated by org.testng.reporters.JUnitReportReporter -->
<testsuite hostname="Mac.alphionsee.in" failures="0" tests="4" name="testscript.NewsTest" time="40.566" errors="0" timestamp="2025-06-02T22:08:11 IST" skipped="0">
  <testcase classname="testscript.NewsTest" name="searchNewsInTitleField" time="10.328"/>
  <testcase classname="testscript.NewsTest" name="deleteNews" time="9.820"/>
  <testcase classname="testscript.NewsTest" name="editNews" time="10.295"/>
  <testcase classname="testscript.NewsTest" name="generateNews" time="10.123"/>
</testsuite> <!-- testscript.NewsTest -->
