<?xml version="1.0" encoding="UTF-8"?>
<!-- Generated by org.testng.reporters.JUnitReportReporter -->
<testsuite hostname="Mac.alphionsee.in" failures="0" tests="4" name="testscript.LoginTest" time="9.788" errors="0" timestamp="2025-05-23T11:03:32 IST" skipped="0">
  <testcase classname="testscript.LoginTest" name="verifyUserLoginWithValidCredential" time="3.376"/>
  <testcase classname="testscript.LoginTest" name="verifySigninWithValidUsernameAndInvalidPassword" time="2.117"/>
  <testcase classname="testscript.LoginTest" name="verifySigninWithInvalidCredentials" time="2.161"/>
  <testcase classname="testscript.LoginTest" name="verifySigninWithInvalidUsernameAndValidPassword" time="2.134"/>
</testsuite> <!-- testscript.LoginTest -->
