<?xml version="1.0" encoding="UTF-8"?>
<!-- Generated by org.testng.reporters.JUnitReportReporter -->
<testsuite hostname="Mac.alphionsee.in" failures="0" tests="2" name="testscript.LoginTest" time="18.464" errors="0" timestamp="2025-05-29T18:59:33 IST" skipped="0">
  <testcase classname="testscript.LoginTest" name="verifySigninWithInvalidUsernameAndValidPassword" time="9.925"/>
  <testcase classname="testscript.LoginTest" name="verifyUserLoginWithValidCredential" time="8.539"/>
</testsuite> <!-- testscript.LoginTest -->
