<?xml version="1.0" encoding="UTF-8"?>
<!-- Generated by org.testng.reporters.JUnitReportReporter -->
<testsuite hostname="Mac.alphionsee.in" failures="0" tests="1" name="testscript.ContactTest" time="11.286" errors="0" timestamp="2025-05-28T20:24:17 IST" skipped="0">
  <testcase classname="testscript.ContactTest" name="editContactDetails" time="11.286"/>
</testsuite> <!-- testscript.ContactTest -->
