<?xml version="1.0" encoding="UTF-8"?>
<!-- Generated by org.testng.reporters.JUnitReportReporter -->
<testsuite hostname="Mac.alphionsee.in" failures="0" tests="6" name="testscript.LoginTest" time="44.909" errors="0" timestamp="2025-05-29T20:34:58 IST" skipped="0">
  <testcase classname="testscript.LoginTest" name="verifyLoginWithInvalidUsernameInvalidPassword" time="7.426"/>
  <testcase classname="testscript.LoginTest" name="verifyLoginWithInvalidUsernameInvalidPassword" time="7.423"/>
  <testcase classname="testscript.LoginTest" name="verifyLoginWithInvalidUsernameInvalidPassword" time="7.130"/>
  <testcase classname="testscript.LoginTest" name="verifySigninWithValidUsernameAndInvalidPassword" time="7.155"/>
  <testcase classname="testscript.LoginTest" name="verifySigninWithInvalidUsernameAndValidPassword" time="7.420"/>
  <testcase classname="testscript.LoginTest" name="verifyUserLoginWithValidCredential" time="8.355"/>
</testsuite> <!-- testscript.LoginTest -->
