<?xml version="1.0" encoding="UTF-8"?>
<!-- Generated by org.testng.reporters.JUnitReportReporter -->
<testsuite hostname="Mac.alphionsee.in" failures="0" tests="3" name="testscript.CategoryTest" time="9.813" errors="0" timestamp="2025-05-23T11:03:32 IST" skipped="0">
  <testcase classname="testscript.CategoryTest" name="searchName" time="2.614"/>
  <testcase classname="testscript.CategoryTest" name="createNewCategory" time="4.257"/>
  <testcase classname="testscript.CategoryTest" name="editNewCategory" time="2.942"/>
</testsuite> <!-- testscript.CategoryTest -->
