<?xml version="1.0" encoding="UTF-8"?>
<!-- Generated by org.testng.reporters.JUnitReportReporter -->
<testsuite hostname="Mac.alphionsee.in" failures="0" tests="1" name="testscript.ContactTest" time="11.326" errors="0" timestamp="2025-06-02T10:57:49 IST" skipped="0">
  <testcase classname="testscript.ContactTest" name="editContactDetails" time="11.326"/>
</testsuite> <!-- testscript.ContactTest -->
