<?xml version="1.0" encoding="UTF-8"?>
<!-- Generated by org.testng.reporters.JUnitReportReporter -->
<testsuite hostname="Mac.alphionsee.in" failures="0" tests="3" name="testscript.CategoryTest" time="32.702" errors="0" timestamp="2025-05-28T20:24:17 IST" skipped="0">
  <testcase classname="testscript.CategoryTest" name="createNewCategory" time="12.943"/>
  <testcase classname="testscript.CategoryTest" name="editNewCategory" time="10.337"/>
  <testcase classname="testscript.CategoryTest" name="searchName" time="9.422"/>
</testsuite> <!-- testscript.CategoryTest -->
