<?xml version="1.0" encoding="UTF-8"?>
<!-- Generated by org.testng.reporters.JUnitReportReporter -->
<testsuite hostname="Mac.alphionsee.in" failures="0" tests="3" name="testscript.CategoryTest" time="38.421" errors="0" timestamp="2025-06-03T07:54:20 IST" skipped="0">
  <testcase classname="testscript.CategoryTest" name="editNewCategory" time="15.322"/>
  <testcase classname="testscript.CategoryTest" name="searchName" time="9.652"/>
  <testcase classname="testscript.CategoryTest" name="createNewCategory" time="13.447"/>
</testsuite> <!-- testscript.CategoryTest -->
