<?xml version="1.0" encoding="UTF-8"?>
<!-- Generated by org.testng.reporters.JUnitReportReporter -->
<testsuite hostname="Mac.alphionsee.in" failures="0" tests="6" name="testscript.LoginTest" time="48.527" errors="0" timestamp="2025-06-02T10:57:49 IST" skipped="0">
  <testcase classname="testscript.LoginTest" name="verifyLoginWithInvalidUsernameInvalidPassword" time="7.263"/>
  <testcase classname="testscript.LoginTest" name="verifyUserLoginWithValidCredential" time="11.435"/>
  <testcase classname="testscript.LoginTest" name="verifyLoginWithInvalidUsernameInvalidPassword" time="7.257"/>
  <testcase classname="testscript.LoginTest" name="verifyLoginWithInvalidUsernameInvalidPassword" time="7.678"/>
  <testcase classname="testscript.LoginTest" name="verifySigninWithValidUsernameAndInvalidPassword" time="7.359"/>
  <testcase classname="testscript.LoginTest" name="verifySigninWithInvalidUsernameAndValidPassword" time="7.535"/>
</testsuite> <!-- testscript.LoginTest -->
