<?xml version="1.0" encoding="UTF-8"?>
<!-- Generated by org.testng.reporters.JUnitReportReporter -->
<testsuite hostname="Mac.alphionsee.in" failures="0" tests="1" name="testscript.FooterTextTest" time="10.825" errors="0" timestamp="2025-05-27T12:45:47 IST" skipped="0">
  <testcase classname="testscript.FooterTextTest" name="managefooterText" time="10.825"/>
</testsuite> <!-- testscript.FooterTextTest -->
