<?xml version="1.0" encoding="UTF-8"?>
<!-- Generated by org.testng.reporters.JUnitReportReporter -->
<testsuite hostname="Mac.alphionsee.in" failures="0" tests="1" name="testscript.ContactTest" time="10.857" errors="0" timestamp="2025-05-29T20:34:58 IST" skipped="0">
  <testcase classname="testscript.ContactTest" name="editContactDetails" time="10.857"/>
</testsuite> <!-- testscript.ContactTest -->
