<?xml version="1.0" encoding="UTF-8"?>
<!-- Generated by org.testng.reporters.JUnitReportReporter -->
<testsuite hostname="Mac.alphionsee.in" failures="0" tests="3" name="testscript.CategoryTest" time="33.912" errors="0" timestamp="2025-05-27T12:45:47 IST" skipped="0">
  <testcase classname="testscript.CategoryTest" name="editNewCategory" time="10.933"/>
  <testcase classname="testscript.CategoryTest" name="createNewCategory" time="12.929"/>
  <testcase classname="testscript.CategoryTest" name="searchName" time="10.050"/>
</testsuite> <!-- testscript.CategoryTest -->
