<?xml version="1.0" encoding="UTF-8"?>
<!-- Generated by org.testng.reporters.JUnitReportReporter -->
<testsuite hostname="Mac.alphionsee.in" failures="0" tests="4" name="testscript.NewsTest" time="39.470" errors="0" timestamp="2025-05-28T20:24:17 IST" skipped="0">
  <testcase classname="testscript.NewsTest" name="generateNews" time="9.781"/>
  <testcase classname="testscript.NewsTest" name="searchNewsInTitleField" time="9.919"/>
  <testcase classname="testscript.NewsTest" name="deleteNews" time="9.643"/>
  <testcase classname="testscript.NewsTest" name="editNews" time="10.127"/>
</testsuite> <!-- testscript.NewsTest -->
