<?xml version="1.0" encoding="UTF-8"?>
<!-- Generated by org.testng.reporters.JUnitReportReporter -->
<testsuite hostname="Mac.alphionsee.in" failures="0" tests="1" name="testscript.FooterTextTest" time="2.767" errors="0" timestamp="2025-05-23T11:03:32 IST" skipped="0">
  <testcase classname="testscript.FooterTextTest" name="managefooterText" time="2.767"/>
</testsuite> <!-- testscript.FooterTextTest -->
