<?xml version="1.0" encoding="UTF-8"?>
<!-- Generated by org.testng.reporters.JUnitReportReporter -->
<testsuite hostname="ANUs-MacBook-Pro.local" failures="0" tests="6" name="testscript.NewCategoryTest" time="22.670" errors="0" timestamp="2025-05-16T13:53:50 IST" skipped="0">
  <testcase classname="testscript.NewCategoryTest" name="verifySigninWithInvalidUsernameAndValidPassword" time="3.195"/>
  <testcase classname="testscript.NewCategoryTest" name="verifyUserLoginWithValidCredential" time="3.516"/>
  <testcase classname="testscript.NewCategoryTest" name="verifySigninWithInvalidCredentials" time="2.760"/>
  <testcase classname="testscript.NewCategoryTest" name="editNewCategory" time="4.048"/>
  <testcase classname="testscript.NewCategoryTest" name="verifySigninWithValidUsernameAndInvalidPassword" time="2.537"/>
  <testcase classname="testscript.NewCategoryTest" name="createNewCategory" time="6.614"/>
</testsuite> <!-- testscript.NewCategoryTest -->
