<?xml version="1.0" encoding="UTF-8"?>
<!-- Generated by org.testng.reporters.JUnitReportReporter -->
<testsuite hostname="Mac.alphionsee.in" failures="0" tests="1" name="testscript.FooterTextTest" time="10.457" errors="0" timestamp="2025-05-29T20:34:58 IST" skipped="0">
  <testcase classname="testscript.FooterTextTest" name="managefooterText" time="10.457"/>
</testsuite> <!-- testscript.FooterTextTest -->
