<?xml version="1.0" encoding="UTF-8"?>
<!-- Generated by org.testng.reporters.JUnitReportReporter -->
<testsuite hostname="Mac.alphionsee.in" failures="0" tests="4" name="testscript.NewsTest" time="40.779" errors="0" timestamp="2025-05-29T20:34:58 IST" skipped="0">
  <testcase classname="testscript.NewsTest" name="generateNews" time="9.740"/>
  <testcase classname="testscript.NewsTest" name="editNews" time="10.195"/>
  <testcase classname="testscript.NewsTest" name="searchNewsInTitleField" time="9.955"/>
  <testcase classname="testscript.NewsTest" name="deleteNews" time="10.889"/>
</testsuite> <!-- testscript.NewsTest -->
