<?xml version="1.0" encoding="UTF-8"?>
<!-- Generated by org.testng.reporters.JUnitReportReporter -->
<testsuite hostname="Mac.alphionsee.in" failures="0" tests="4" name="testscript.LoginTest" time="32.180" errors="0" timestamp="2025-05-27T12:45:47 IST" skipped="0">
  <testcase classname="testscript.LoginTest" name="verifyUserLoginWithValidCredential" time="9.150"/>
  <testcase classname="testscript.LoginTest" name="verifySigninWithValidUsernameAndInvalidPassword" time="8.127"/>
  <testcase classname="testscript.LoginTest" name="verifySigninWithInvalidCredentials" time="7.483"/>
  <testcase classname="testscript.LoginTest" name="verifySigninWithInvalidUsernameAndValidPassword" time="7.420"/>
</testsuite> <!-- testscript.LoginTest -->
