<?xml version="1.0" encoding="UTF-8"?>
<!-- Generated by org.testng.reporters.JUnitReportReporter -->
<testsuite hostname="Mac.alphionsee.in" failures="0" tests="5" name="testscript.NewsTest" time="51.252" errors="0" timestamp="2025-06-02T10:57:49 IST" skipped="1">
  <testcase classname="testscript.NewsTest" name="editNews" time="8.487">
    <skipped/>
  </testcase> <!-- editNews -->
  <testcase classname="testscript.NewsTest" name="searchNewsInTitleField" time="10.978"/>
  <testcase classname="testscript.NewsTest" name="generateNews" time="10.451"/>
  <testcase classname="testscript.NewsTest" name="deleteNews" time="9.832"/>
  <testcase classname="testscript.NewsTest" name="editNews" time="11.504"/>
</testsuite> <!-- testscript.NewsTest -->
