<?xml version="1.0" encoding="UTF-8"?>
<!-- Generated by org.testng.reporters.JUnitReportReporter -->
<testsuite hostname="Mac.alphionsee.in" failures="0" tests="3" name="testscript.CategoryTest" time="35.155" errors="0" timestamp="2025-06-02T10:57:49 IST" skipped="0">
  <testcase classname="testscript.CategoryTest" name="createNewCategory" time="14.045"/>
  <testcase classname="testscript.CategoryTest" name="editNewCategory" time="10.982"/>
  <testcase classname="testscript.CategoryTest" name="searchName" time="10.128"/>
</testsuite> <!-- testscript.CategoryTest -->
