<?xml version="1.0" encoding="UTF-8"?>
<!-- Generated by org.testng.reporters.JUnitReportReporter -->
<testsuite hostname="ANUs-MacBook-Pro.local" failures="0" tests="1" name="testscript.LoginTestForMainProject" time="2.966" errors="0" timestamp="2025-05-14T10:25:50 IST" skipped="0">
  <testcase classname="testscript.LoginTestForMainProject" name="verifySigninWithInvalidCredentials" time="2.966"/>
</testsuite> <!-- testscript.LoginTestForMainProject -->
