<?xml version="1.0" encoding="UTF-8"?>
<!-- Generated by org.testng.reporters.JUnitReportReporter -->
<testsuite hostname="Mac.alphionsee.in" failures="0" tests="4" name="testscript.NewsTest" time="41.011" errors="0" timestamp="2025-05-27T12:45:47 IST" skipped="0">
  <testcase classname="testscript.NewsTest" name="generateNews" time="10.128"/>
  <testcase classname="testscript.NewsTest" name="editNews" time="10.718"/>
  <testcase classname="testscript.NewsTest" name="deleteNews" time="9.856"/>
  <testcase classname="testscript.NewsTest" name="searchNewsInTitleField" time="10.309"/>
</testsuite> <!-- testscript.NewsTest -->
