<?xml version="1.0" encoding="UTF-8"?>
<!-- Generated by org.testng.reporters.JUnitReportReporter -->
<testsuite hostname="Mac.alphionsee.in" failures="0" tests="4" name="testscript.NewsTest" time="10.564" errors="0" timestamp="2025-05-23T11:03:32 IST" skipped="0">
  <testcase classname="testscript.NewsTest" name="editNews" time="2.718"/>
  <testcase classname="testscript.NewsTest" name="deleteNews" time="2.589"/>
  <testcase classname="testscript.NewsTest" name="searchNewsInTitleField" time="2.542"/>
  <testcase classname="testscript.NewsTest" name="generateNews" time="2.715"/>
</testsuite> <!-- testscript.NewsTest -->
