<?xml version="1.0" encoding="UTF-8"?>
<!-- Generated by org.testng.reporters.JUnitReportReporter -->
<testsuite hostname="Mac.alphionsee.in" failures="0" tests="1" name="testscript.ContactTest" time="3.641" errors="0" timestamp="2025-05-23T11:03:32 IST" skipped="0">
  <testcase classname="testscript.ContactTest" name="editContactDetails" time="3.641"/>
</testsuite> <!-- testscript.ContactTest -->
